<?xml version="1.0" encoding="UTF-8"?>
<!-- Generated by org.testng.reporters.JUnitReportReporter -->
<testsuite skipped="0" hostname="DESKTOP-2A7S6QF" name="com.selenium1.HeadlessBrowserBasicsTest" tests="5" failures="0" timestamp="18 Nov 2020 18:37:35 GMT" time="65.223" errors="0">
  <testcase name="firefoxBrowser" time="12.569" classname="com.selenium1.HeadlessBrowserBasicsTest"/>
  <testcase name="firefoxBrowserHeadlessBrowsing" time="11.230" classname="com.selenium1.HeadlessBrowserBasicsTest"/>
  <testcase name="chromeBrowser" time="12.340" classname="com.selenium1.HeadlessBrowserBasicsTest"/>
  <testcase name="phanthomJS" time="19.293" classname="com.selenium1.HeadlessBrowserBasicsTest"/>
  <testcase name="chromeBrowserHeadlessBrowsing" time="9.791" classname="com.selenium1.HeadlessBrowserBasicsTest"/>
</testsuite> <!-- com.selenium1.HeadlessBrowserBasicsTest -->
