<?xml version="1.0" encoding="UTF-8"?>
<!-- Generated by org.testng.reporters.JUnitReportReporter -->
<testsuite skipped="0" hostname="DESKTOP-2A7S6QF" name="com.selenium1.ActionsBasicTest" tests="4" failures="0" timestamp="17 Nov 2020 21:54:21 GMT" time="28.442" errors="0">
  <testcase name="testBasicActions_Combine" time="5.668" classname="com.selenium1.ActionsBasicTest"/>
  <testcase name="testBasicDragAndDrop_Complicated" time="5.558" classname="com.selenium1.ActionsBasicTest"/>
  <testcase name="testBasicActions" time="11.366" classname="com.selenium1.ActionsBasicTest"/>
  <testcase name="testBasicDragAndDrop" time="5.850" classname="com.selenium1.ActionsBasicTest"/>
</testsuite> <!-- com.selenium1.ActionsBasicTest -->
