<?xml version="1.0" encoding="UTF-8"?>
<!-- Generated by org.testng.reporters.JUnitReportReporter -->
<testsuite skipped="0" hostname="DESKTOP-2A7S6QF" name="com.selenium1.WebDriverBasicLocatorsTest" tests="2" failures="0" timestamp="02 Nov 2020 21:01:05 GMT" time="0.567" errors="0">
  <testcase name="testTitle" time="0.187" classname="com.selenium1.WebDriverBasicLocatorsTest"/>
  <testcase name="testGetInfoAboutName" time="0.380" classname="com.selenium1.WebDriverBasicLocatorsTest"/>
</testsuite> <!-- com.selenium1.WebDriverBasicLocatorsTest -->
