<?xml version="1.0" encoding="UTF-8"?>
<!-- Generated by org.testng.reporters.JUnitReportReporter -->
<testsuite skipped="0" hostname="DESKTOP-2A7S6QF" name="com.selenium1.login.FirstWebAppLoginTest" tests="1" failures="0" timestamp="03 Nov 2020 14:57:42 GMT" time="6.126" errors="0">
  <testcase name="login" time="6.126" classname="com.selenium1.login.FirstWebAppLoginTest"/>
</testsuite> <!-- com.selenium1.login.FirstWebAppLoginTest -->
