<?xml version="1.0" encoding="UTF-8"?>
<!-- Generated by org.testng.reporters.JUnitReportReporter -->
<testsuite skipped="0" hostname="DESKTOP-2A7S6QF" name="com.selenium1.FormElementCheckBoxTest" tests="4" failures="0" timestamp="17 Nov 2020 17:05:11 GMT" time="34.977" errors="0">
  <testcase name="readFromACheckBox" time="0.340" classname="com.selenium1.FormElementCheckBoxTest"/>
  <testcase name="checkACheckBox" time="8.832" classname="com.selenium1.FormElementCheckBoxTest"/>
  <testcase name="unCheckACheckBox" time="9.230" classname="com.selenium1.FormElementCheckBoxTest"/>
  <testcase name="setAValueIntoCheckBoxElement1" time="16.575" classname="com.selenium1.FormElementCheckBoxTest"/>
</testsuite> <!-- com.selenium1.FormElementCheckBoxTest -->
