<?xml version="1.0" encoding="UTF-8"?>
<!-- Generated by org.testng.reporters.JUnitReportReporter -->
<testsuite skipped="0" hostname="DESKTOP-2A7S6QF" name="com.selenium1.RunJavaScriptTest" tests="1" failures="0" timestamp="17 Nov 2020 21:26:54 GMT" time="12.653" errors="0">
  <testcase name="testRunningOfJavaScript" time="12.653" classname="com.selenium1.RunJavaScriptTest"/>
</testsuite> <!-- com.selenium1.RunJavaScriptTest -->
