<?xml version="1.0" encoding="UTF-8"?>
<!-- Generated by org.testng.reporters.JUnitReportReporter -->
<testsuite skipped="0" hostname="DESKTOP-2A7S6QF" name="com.selenium1.FormElementTextTest" tests="3" failures="0" timestamp="17 Nov 2020 16:53:33 GMT" time="18.085" errors="0">
  <testcase name="setASpecificValueIntoTextElement" time="8.415" classname="com.selenium1.FormElementTextTest"/>
  <testcase name="writeAndReadAValueFromTextArea" time="8.600" classname="com.selenium1.FormElementTextTest"/>
  <testcase name="readFromATextElement" time="1.070" classname="com.selenium1.FormElementTextTest"/>
</testsuite> <!-- com.selenium1.FormElementTextTest -->
