<?xml version="1.0" encoding="UTF-8"?>
<!-- Generated by org.testng.reporters.JUnitReportReporter -->
<testsuite skipped="0" hostname="DESKTOP-2A7S6QF" name="com.selenium1.login.FirstWebAppLoginTest" tests="1" failures="0" timestamp="16 Nov 2020 20:13:26 GMT" time="5.404" errors="0">
  <testcase name="login" time="5.404" classname="com.selenium1.login.FirstWebAppLoginTest"/>
</testsuite> <!-- com.selenium1.login.FirstWebAppLoginTest -->
