<?xml version="1.0" encoding="UTF-8"?>
<!-- Generated by org.testng.reporters.JUnitReportReporter -->
<testsuite skipped="0" hostname="DESKTOP-2A7S6QF" name="com.selenium1.FramesTest" tests="1" failures="0" timestamp="17 Nov 2020 20:53:45 GMT" time="0.390" errors="0">
  <testcase name="testFrames" time="0.390" classname="com.selenium1.FramesTest"/>
</testsuite> <!-- com.selenium1.FramesTest -->
