<?xml version="1.0" encoding="UTF-8"?>
<!-- Generated by org.testng.reporters.JUnitReportReporter -->
<testsuite skipped="0" hostname="DESKTOP-2A7S6QF" name="com.selenium1.WebDriverBasicLocatorsByIdTest" tests="2" failures="0" timestamp="03 Nov 2020 14:05:46 GMT" time="0.974" errors="0">
  <testcase name="testGetInfoAboutName" time="0.875" classname="com.selenium1.WebDriverBasicLocatorsByIdTest"/>
  <testcase name="testTitle" time="0.099" classname="com.selenium1.WebDriverBasicLocatorsByIdTest"/>
</testsuite> <!-- com.selenium1.WebDriverBasicLocatorsByIdTest -->
