<?xml version="1.0" encoding="UTF-8"?>
<!-- Generated by org.testng.reporters.JUnitReportReporter -->
<testsuite skipped="0" hostname="DESKTOP-2A7S6QF" name="com.selenium1.JavaScriptAlertTest" tests="1" failures="0" timestamp="17 Nov 2020 20:36:29 GMT" time="0.484" errors="0">
  <testcase name="testForAlert" time="0.484" classname="com.selenium1.JavaScriptAlertTest"/>
</testsuite> <!-- com.selenium1.JavaScriptAlertTest -->
