<?xml version="1.0" encoding="UTF-8"?>
<!-- Generated by org.testng.reporters.JUnitReportReporter -->
<testsuite skipped="0" hostname="DESKTOP-2A7S6QF" name="com.selenium1.WebDriverBasicsLocatorsWithXPathSelectorTest" tests="2" failures="0" timestamp="16 Nov 2020 21:31:21 GMT" time="1.484" errors="0">
  <testcase name="testXpathSelectorForSortingAndCheckingFirstRow" time="1.047" classname="com.selenium1.WebDriverBasicsLocatorsWithXPathSelectorTest"/>
  <testcase name="testXpathSelectorForaTableTd" time="0.437" classname="com.selenium1.WebDriverBasicsLocatorsWithXPathSelectorTest"/>
</testsuite> <!-- com.selenium1.WebDriverBasicsLocatorsWithXPathSelectorTest -->
