<?xml version="1.0" encoding="UTF-8"?>
<!-- Generated by org.testng.reporters.JUnitReportReporter -->
<testsuite skipped="0" hostname="DESKTOP-2A7S6QF" name="com.selenium1.NewWindowTest" tests="3" failures="0" timestamp="17 Nov 2020 20:37:11 GMT" time="3.108" errors="0">
  <testcase name="switchToSecondWindow" time="2.537" classname="com.selenium1.NewWindowTest"/>
  <testcase name="testForWindows" time="0.197" classname="com.selenium1.NewWindowTest"/>
  <testcase name="findWindowHandleOfSecondWindow" time="0.374" classname="com.selenium1.NewWindowTest"/>
</testsuite> <!-- com.selenium1.NewWindowTest -->
