<?xml version="1.0" encoding="UTF-8"?>
<!-- Generated by org.testng.reporters.JUnitReportReporter -->
<testsuite skipped="0" hostname="DESKTOP-2A7S6QF" name="com.selenium1.WebDriverBasicsLocatorsWithTagTest" tests="2" failures="0" timestamp="03 Nov 2020 14:36:59 GMT" time="9.646" errors="0">
  <testcase name="getDetailsAboutInputTags" time="9.323" classname="com.selenium1.WebDriverBasicsLocatorsWithTagTest"/>
  <testcase name="getDetailsAboutLoginButton" time="0.323" classname="com.selenium1.WebDriverBasicsLocatorsWithTagTest"/>
</testsuite> <!-- com.selenium1.WebDriverBasicsLocatorsWithTagTest -->
