<?xml version="1.0" encoding="UTF-8"?>
<!-- Generated by org.testng.reporters.JUnitReportReporter -->
<testsuite skipped="0" hostname="DESKTOP-2A7S6QF" name="com.selenium1.CheckElementStylesTest" tests="4" failures="0" timestamp="17 Nov 2020 18:03:45 GMT" time="1.250" errors="0">
  <testcase name="getCSSStylesForSuccessElement" time="0.186" classname="com.selenium1.CheckElementStylesTest"/>
  <testcase name="getCSSStylesForErrorElement" time="0.207" classname="com.selenium1.CheckElementStylesTest"/>
  <testcase name="exploreWebElementInterface" time="0.361" classname="com.selenium1.CheckElementStylesTest"/>
  <testcase name="checkIfAnElementIsEnabled" time="0.496" classname="com.selenium1.CheckElementStylesTest"/>
</testsuite> <!-- com.selenium1.CheckElementStylesTest -->
