<?xml version="1.0" encoding="UTF-8"?>
<!-- Generated by org.testng.reporters.JUnitReportReporter -->
<testsuite skipped="0" hostname="DESKTOP-2A7S6QF" name="com.selenium1.FormElementSelectTest" tests="4" failures="0" timestamp="17 Nov 2020 17:45:25 GMT" time="43.209" errors="0">
  <testcase name="setValuesIntoSelectBox" time="20.935" classname="com.selenium1.FormElementSelectTest"/>
  <testcase name="setValuesIntoMultiSelectBox" time="21.196" classname="com.selenium1.FormElementSelectTest"/>
  <testcase name="readValueOfSelectBox" time="0.364" classname="com.selenium1.FormElementSelectTest"/>
  <testcase name="readValueFromMultiSelectBox" time="0.714" classname="com.selenium1.FormElementSelectTest"/>
</testsuite> <!-- com.selenium1.FormElementSelectTest -->
