<?xml version="1.0" encoding="UTF-8"?>
<!-- Generated by org.testng.reporters.JUnitReportReporter -->
<testsuite skipped="0" hostname="DESKTOP-2A7S6QF" name="com.selenium1.PlayingWithScreenWindowTest" tests="2" failures="0" timestamp="17 Nov 2020 18:32:00 GMT" time="52.003" errors="0">
  <testcase name="playingWithWindows" time="18.297" classname="com.selenium1.PlayingWithScreenWindowTest"/>
  <testcase name="backForwardAndNavigation" time="33.706" classname="com.selenium1.PlayingWithScreenWindowTest"/>
</testsuite> <!-- com.selenium1.PlayingWithScreenWindowTest -->
