<?xml version="1.0" encoding="UTF-8"?>
<!-- Generated by org.testng.reporters.JUnitReportReporter -->
<testsuite skipped="0" hostname="DESKTOP-2A7S6QF" name="com.selenium1.ReadTablesTest" tests="1" failures="0" timestamp="17 Nov 2020 21:31:56 GMT" time="0.838" errors="0">
  <testcase name="testReadingOfTables" time="0.838" classname="com.selenium1.ReadTablesTest"/>
</testsuite> <!-- com.selenium1.ReadTablesTest -->
