<?xml version="1.0" encoding="UTF-8"?>
<!-- Generated by org.testng.reporters.JUnitReportReporter -->
<testsuite skipped="0" hostname="DESKTOP-2A7S6QF" name="com.selenium1.WebDriverBasicLocatorsByNameTest" tests="2" failures="0" timestamp="02 Nov 2020 21:05:56 GMT" time="0.482" errors="0">
  <testcase name="testTitle" time="0.123" classname="com.selenium1.WebDriverBasicLocatorsByNameTest"/>
  <testcase name="testGetInfoAboutName" time="0.359" classname="com.selenium1.WebDriverBasicLocatorsByNameTest"/>
</testsuite> <!-- com.selenium1.WebDriverBasicLocatorsByNameTest -->
