<?xml version="1.0" encoding="UTF-8"?>
<!-- Generated by org.testng.reporters.JUnitReportReporter -->
<testsuite skipped="0" hostname="DESKTOP-2A7S6QF" name="com.selenium1.WebDriverBasicLocatorsByNameTest" tests="2" failures="0" timestamp="03 Nov 2020 14:06:08 GMT" time="0.313" errors="0">
  <testcase name="testGetInfoAboutEmail" time="0.241" classname="com.selenium1.WebDriverBasicLocatorsByNameTest"/>
  <testcase name="testTitle" time="0.072" classname="com.selenium1.WebDriverBasicLocatorsByNameTest"/>
</testsuite> <!-- com.selenium1.WebDriverBasicLocatorsByNameTest -->
